app/build/intermediates/manifest_merge_blame_file/debug/manifest-merger-blame-debug-report.txt
1<?xml version="1.0" encoding="utf-8"?>
2<manifest xmlns:android="http://schemas.android.com/apk/res/android"
3    package="com.example.infi_project"
4    android:versionCode="1"
5    android:versionName="1.0" >
6
7    <uses-sdk
8        android:minSdkVersion="23"
8-->src\main\AndroidManifest.xml
9        android:targetSdkVersion="29" />
9-->src\main\AndroidManifest.xml
10
11    <uses-permission android:name="android.permission.INTERNET" />
11-->src\main\AndroidManifest.xml:5:5-67
11-->src\main\AndroidManifest.xml:5:22-64
12    <uses-permission android:name="android.permission.READ_EXTERNAL_STORAGE" />
12-->src\main\AndroidManifest.xml:6:5-80
12-->src\main\AndroidManifest.xml:6:22-77
13    <uses-permission android:name="android.permission.WRITE_EXTERNAL_STORAGE" />
13-->src\main\AndroidManifest.xml:7:5-81
13-->src\main\AndroidManifest.xml:7:22-78
14
15    <!-- Although the *SdkVersion is captured in gradle build files, this is required for non gradle builds -->
16    <!-- <uses-sdk android:minSdkVersion="14"/> -->
17    <uses-permission android:name="android.permission.ACCESS_NETWORK_STATE" />
17-->[com.google.firebase:firebase-database:19.3.0] AndroidManifest.xml:25:5-79
17-->[com.google.firebase:firebase-database:19.3.0] AndroidManifest.xml:25:22-76
18    <uses-permission android:name="android.permission.WAKE_LOCK" /> <!-- Required by older versions of Google Play services to create IID tokens -->
18-->[com.google.android.gms:play-services-measurement-api:17.4.2] AndroidManifest.xml:24:5-68
18-->[com.google.android.gms:play-services-measurement-api:17.4.2] AndroidManifest.xml:24:22-65
19    <uses-permission android:name="com.google.android.c2dm.permission.RECEIVE" />
19-->[com.google.firebase:firebase-iid:20.1.5] AndroidManifest.xml:26:5-82
19-->[com.google.firebase:firebase-iid:20.1.5] AndroidManifest.xml:26:22-79
20    <uses-permission android:name="com.google.android.finsky.permission.BIND_GET_INSTALL_REFERRER_SERVICE" />
20-->[com.google.android.gms:play-services-measurement:17.4.2] AndroidManifest.xml:26:5-110
20-->[com.google.android.gms:play-services-measurement:17.4.2] AndroidManifest.xml:26:22-107
21
22    <application
22-->src\main\AndroidManifest.xml:9:5-54:19
23        android:allowBackup="true"
23-->src\main\AndroidManifest.xml:10:9-35
24        android:appComponentFactory="androidx.core.app.CoreComponentFactory"
24-->[androidx.core:core:1.3.0-alpha02] AndroidManifest.xml:24:18-86
25        android:debuggable="true"
26        android:extractNativeLibs="false"
27        android:icon="@mipmap/ic_launcher"
27-->src\main\AndroidManifest.xml:11:9-43
28        android:label="@string/app_name"
28-->src\main\AndroidManifest.xml:12:9-41
29        android:roundIcon="@mipmap/ic_launcher_round"
29-->src\main\AndroidManifest.xml:13:9-54
30        android:supportsRtl="true"
30-->src\main\AndroidManifest.xml:14:9-35
31        android:testOnly="true"
32        android:theme="@style/AppTheme" >
32-->src\main\AndroidManifest.xml:15:9-40
33        <activity android:name="com.example.infi_project.MobileOtp" />
33-->src\main\AndroidManifest.xml:17:9-47
33-->src\main\AndroidManifest.xml:17:19-44
34        <activity android:name="com.example.infi_project.RegActivityTwo" />
34-->src\main\AndroidManifest.xml:18:9-52
34-->src\main\AndroidManifest.xml:18:19-49
35        <activity android:name="com.example.infi_project.AppMainPage" />
35-->src\main\AndroidManifest.xml:19:9-49
35-->src\main\AndroidManifest.xml:19:19-46
36        <activity android:name="com.example.infi_project.Interest_Part" />
36-->src\main\AndroidManifest.xml:20:9-51
36-->src\main\AndroidManifest.xml:20:19-48
37        <activity android:name="com.example.infi_project.Contact_Us" />
37-->src\main\AndroidManifest.xml:21:9-48
37-->src\main\AndroidManifest.xml:21:19-45
38        <activity android:name="com.example.infi_project.Registration" />
38-->src\main\AndroidManifest.xml:22:9-50
38-->src\main\AndroidManifest.xml:22:19-47
39        <activity android:name="com.example.infi_project.MainActivity" >
39-->src\main\AndroidManifest.xml:25:9-31:20
39-->src\main\AndroidManifest.xml:25:19-47
40            <intent-filter>
40-->src\main\AndroidManifest.xml:26:13-30:29
41                <action android:name="android.intent.action.MAIN" />
41-->src\main\AndroidManifest.xml:27:17-69
41-->src\main\AndroidManifest.xml:27:25-66
42
43                <category android:name="android.intent.category.DEFAULT" />
43-->src\main\AndroidManifest.xml:29:17-76
43-->src\main\AndroidManifest.xml:29:27-73
44            </intent-filter>
45        </activity>
46        <activity
46-->src\main\AndroidManifest.xml:33:9-34:58
47            android:name="com.theartofdev.edmodo.cropper.CropImageActivity"
47-->src\main\AndroidManifest.xml:33:19-82
48            android:theme="@style/Base.Theme.AppCompat" />
48-->src\main\AndroidManifest.xml:34:13-56
49        <activity android:name="com.example.infi_project.SplashActivity" >
49-->src\main\AndroidManifest.xml:36:5-46:16
49-->src\main\AndroidManifest.xml:36:15-45
50            <intent-filter>
50-->src\main\AndroidManifest.xml:37:9-41:25
51                <action android:name="android.intent.action.MAIN" />
51-->src\main\AndroidManifest.xml:27:17-69
51-->src\main\AndroidManifest.xml:27:25-66
52
53                <category android:name="android.intent.category.LAUNCHER" />
53-->src\main\AndroidManifest.xml:40:13-73
53-->src\main\AndroidManifest.xml:40:23-70
54            </intent-filter>
55        </activity>
56
57        <meta-data
57-->src\main\AndroidManifest.xml:51:9-53:57
58            android:name="preloaded_fonts"
58-->src\main\AndroidManifest.xml:52:13-43
59            android:resource="@array/preloaded_fonts" />
59-->src\main\AndroidManifest.xml:53:13-54
60
61        <service
61-->[com.google.firebase:firebase-database:19.3.0] AndroidManifest.xml:29:9-35:19
62            android:name="com.google.firebase.components.ComponentDiscoveryService"
62-->[com.google.firebase:firebase-database:19.3.0] AndroidManifest.xml:30:13-84
63            android:directBootAware="true"
63-->[com.google.firebase:firebase-common:19.3.0] AndroidManifest.xml:34:13-43
64            android:exported="false" >
64-->[com.google.firebase:firebase-database:19.3.0] AndroidManifest.xml:31:13-37
65            <meta-data
65-->[com.google.firebase:firebase-database:19.3.0] AndroidManifest.xml:32:13-34:85
66                android:name="com.google.firebase.components:com.google.firebase.database.DatabaseRegistrar"
66-->[com.google.firebase:firebase-database:19.3.0] AndroidManifest.xml:33:17-109
67                android:value="com.google.firebase.components.ComponentRegistrar" />
67-->[com.google.firebase:firebase-database:19.3.0] AndroidManifest.xml:34:17-82
68            <meta-data
68-->[com.google.firebase:firebase-storage:19.1.1] AndroidManifest.xml:33:13-35:85
69                android:name="com.google.firebase.components:com.google.firebase.storage.StorageRegistrar"
69-->[com.google.firebase:firebase-storage:19.1.1] AndroidManifest.xml:34:17-107
70                android:value="com.google.firebase.components.ComponentRegistrar" />
70-->[com.google.firebase:firebase-storage:19.1.1] AndroidManifest.xml:35:17-82
71            <meta-data
71-->[com.google.firebase:firebase-auth:19.3.1] AndroidManifest.xml:36:13-38:85
72                android:name="com.google.firebase.components:com.google.firebase.auth.FirebaseAuthRegistrar"
72-->[com.google.firebase:firebase-auth:19.3.1] AndroidManifest.xml:37:17-109
73                android:value="com.google.firebase.components.ComponentRegistrar" />
73-->[com.google.firebase:firebase-auth:19.3.1] AndroidManifest.xml:38:17-82
74            <meta-data
74-->[com.google.android.gms:play-services-measurement-api:17.4.2] AndroidManifest.xml:30:13-32:85
75                android:name="com.google.firebase.components:com.google.firebase.analytics.connector.internal.AnalyticsConnectorRegistrar"
75-->[com.google.android.gms:play-services-measurement-api:17.4.2] AndroidManifest.xml:31:17-139
76                android:value="com.google.firebase.components.ComponentRegistrar" />
76-->[com.google.android.gms:play-services-measurement-api:17.4.2] AndroidManifest.xml:32:17-82
77            <meta-data
77-->[com.google.firebase:firebase-iid:20.1.5] AndroidManifest.xml:32:13-34:85
78                android:name="com.google.firebase.components:com.google.firebase.iid.Registrar"
78-->[com.google.firebase:firebase-iid:20.1.5] AndroidManifest.xml:33:17-96
79                android:value="com.google.firebase.components.ComponentRegistrar" />
79-->[com.google.firebase:firebase-iid:20.1.5] AndroidManifest.xml:34:17-82
80            <meta-data
80-->[com.google.firebase:firebase-installations:16.2.1] AndroidManifest.xml:17:13-19:85
81                android:name="com.google.firebase.components:com.google.firebase.installations.FirebaseInstallationsRegistrar"
81-->[com.google.firebase:firebase-installations:16.2.1] AndroidManifest.xml:18:17-127
82                android:value="com.google.firebase.components.ComponentRegistrar" />
82-->[com.google.firebase:firebase-installations:16.2.1] AndroidManifest.xml:19:17-82
83        </service>
84
85        <provider
85-->[com.squareup.picasso:picasso:2.71828] AndroidManifest.xml:8:9-11:40
86            android:name="com.squareup.picasso.PicassoProvider"
86-->[com.squareup.picasso:picasso:2.71828] AndroidManifest.xml:9:13-64
87            android:authorities="com.example.infi_project.com.squareup.picasso"
87-->[com.squareup.picasso:picasso:2.71828] AndroidManifest.xml:10:13-72
88            android:exported="false" />
88-->[com.squareup.picasso:picasso:2.71828] AndroidManifest.xml:11:13-37
89        <provider
89-->[androidx.lifecycle:lifecycle-process:2.2.0] AndroidManifest.xml:25:9-29:43
90            android:name="androidx.lifecycle.ProcessLifecycleOwnerInitializer"
90-->[androidx.lifecycle:lifecycle-process:2.2.0] AndroidManifest.xml:26:13-79
91            android:authorities="com.example.infi_project.lifecycle-process"
91-->[androidx.lifecycle:lifecycle-process:2.2.0] AndroidManifest.xml:27:13-69
92            android:exported="false"
92-->[androidx.lifecycle:lifecycle-process:2.2.0] AndroidManifest.xml:28:13-37
93            android:multiprocess="true" />
93-->[androidx.lifecycle:lifecycle-process:2.2.0] AndroidManifest.xml:29:13-40
94
95        <activity
95-->[com.google.firebase:firebase-auth:19.3.1] AndroidManifest.xml:24:9-31:50
96            android:name="com.google.firebase.auth.internal.FederatedSignInActivity"
96-->[com.google.firebase:firebase-auth:19.3.1] AndroidManifest.xml:25:13-85
97            android:excludeFromRecents="true"
97-->[com.google.firebase:firebase-auth:19.3.1] AndroidManifest.xml:26:13-46
98            android:exported="true"
98-->[com.google.firebase:firebase-auth:19.3.1] AndroidManifest.xml:27:13-36
99            android:launchMode="singleTask"
99-->[com.google.firebase:firebase-auth:19.3.1] AndroidManifest.xml:28:13-44
100            android:permission="com.google.firebase.auth.api.gms.permission.LAUNCH_FEDERATED_SIGN_IN"
100-->[com.google.firebase:firebase-auth:19.3.1] AndroidManifest.xml:29:13-102
101            android:theme="@android:style/Theme.Translucent.NoTitleBar" />
101-->[com.google.firebase:firebase-auth:19.3.1] AndroidManifest.xml:30:13-72
102
103        <receiver
103-->[com.google.firebase:firebase-iid:20.1.5] AndroidManifest.xml:37:9-44:20
104            android:name="com.google.firebase.iid.FirebaseInstanceIdReceiver"
104-->[com.google.firebase:firebase-iid:20.1.5] AndroidManifest.xml:38:13-78
105            android:exported="true"
105-->[com.google.firebase:firebase-iid:20.1.5] AndroidManifest.xml:39:13-36
106            android:permission="com.google.android.c2dm.permission.SEND" >
106-->[com.google.firebase:firebase-iid:20.1.5] AndroidManifest.xml:40:13-73
107            <intent-filter>
107-->[com.google.firebase:firebase-iid:20.1.5] AndroidManifest.xml:41:13-43:29
108                <action android:name="com.google.android.c2dm.intent.RECEIVE" />
108-->[com.google.firebase:firebase-iid:20.1.5] AndroidManifest.xml:42:17-81
108-->[com.google.firebase:firebase-iid:20.1.5] AndroidManifest.xml:42:25-78
109            </intent-filter>
110        </receiver>
111
112        <activity
112-->[com.google.android.gms:play-services-base:17.1.0] AndroidManifest.xml:23:9-26:75
113            android:name="com.google.android.gms.common.api.GoogleApiActivity"
113-->[com.google.android.gms:play-services-base:17.1.0] AndroidManifest.xml:24:13-79
114            android:exported="false"
114-->[com.google.android.gms:play-services-base:17.1.0] AndroidManifest.xml:25:13-37
115            android:theme="@android:style/Theme.Translucent.NoTitleBar" />
115-->[com.google.android.gms:play-services-base:17.1.0] AndroidManifest.xml:26:13-72
116
117        <provider
117-->[com.google.firebase:firebase-common:19.3.0] AndroidManifest.xml:26:9-30:39
118            android:name="com.google.firebase.provider.FirebaseInitProvider"
118-->[com.google.firebase:firebase-common:19.3.0] AndroidManifest.xml:27:13-77
119            android:authorities="com.example.infi_project.firebaseinitprovider"
119-->[com.google.firebase:firebase-common:19.3.0] AndroidManifest.xml:28:13-72
120            android:exported="false"
120-->[com.google.firebase:firebase-common:19.3.0] AndroidManifest.xml:29:13-37
121            android:initOrder="100" />
121-->[com.google.firebase:firebase-common:19.3.0] AndroidManifest.xml:30:13-36
122
123        <receiver
123-->[com.google.android.gms:play-services-measurement:17.4.2] AndroidManifest.xml:29:9-33:20
124            android:name="com.google.android.gms.measurement.AppMeasurementReceiver"
124-->[com.google.android.gms:play-services-measurement:17.4.2] AndroidManifest.xml:30:13-85
125            android:enabled="true"
125-->[com.google.android.gms:play-services-measurement:17.4.2] AndroidManifest.xml:31:13-35
126            android:exported="false" >
126-->[com.google.android.gms:play-services-measurement:17.4.2] AndroidManifest.xml:32:13-37
127        </receiver>
128
129        <service
129-->[com.google.android.gms:play-services-measurement:17.4.2] AndroidManifest.xml:35:9-38:40
130            android:name="com.google.android.gms.measurement.AppMeasurementService"
130-->[com.google.android.gms:play-services-measurement:17.4.2] AndroidManifest.xml:36:13-84
131            android:enabled="true"
131-->[com.google.android.gms:play-services-measurement:17.4.2] AndroidManifest.xml:37:13-35
132            android:exported="false" />
132-->[com.google.android.gms:play-services-measurement:17.4.2] AndroidManifest.xml:38:13-37
133        <service
133-->[com.google.android.gms:play-services-measurement:17.4.2] AndroidManifest.xml:39:9-43:72
134            android:name="com.google.android.gms.measurement.AppMeasurementJobService"
134-->[com.google.android.gms:play-services-measurement:17.4.2] AndroidManifest.xml:40:13-87
135            android:enabled="true"
135-->[com.google.android.gms:play-services-measurement:17.4.2] AndroidManifest.xml:41:13-35
136            android:exported="false"
136-->[com.google.android.gms:play-services-measurement:17.4.2] AndroidManifest.xml:42:13-37
137            android:permission="android.permission.BIND_JOB_SERVICE" />
137-->[com.google.android.gms:play-services-measurement:17.4.2] AndroidManifest.xml:43:13-69
138
139        <meta-data
139-->[com.google.android.gms:play-services-basement:17.0.0] AndroidManifest.xml:23:9-25:69
140            android:name="com.google.android.gms.version"
140-->[com.google.android.gms:play-services-basement:17.0.0] AndroidManifest.xml:24:13-58
141            android:value="@integer/google_play_services_version" />
141-->[com.google.android.gms:play-services-basement:17.0.0] AndroidManifest.xml:25:13-66
142    </application>
143
144</manifest>